<?xml version="1.0" encoding="UTF-8"?>
<testsuite xmlns:xsi="http://www.w3.org/2001/XMLSchema-instance" xsi:noNamespaceSchemaLocation="https://maven.apache.org/surefire/maven-surefire-plugin/xsd/surefire-test-report-3.0.xsd" version="3.0" name="TestSuite" time="164.597" tests="8" errors="0" skipped="0" failures="0">
  <properties>
[...]
</properties>
  <testcase name="executeTripSearch" classname="com.wmata.suite.chromeHeadless.DirectionsTest" time="3.385"/>
  <testcase name="executeTripSearch" classname="com.wmata.suite.chromeHeadless.DirectionTest" time="3.448"/>
  <testcase name="executeTripSearch" classname="com.wmata.suite.chrome.DirectionTest" time="2.2"/>
  <testcase name="executeTripSearch" classname="com.wmata.suite.chrome.DirectionsTest" time="5.037"/>
  <testcase name="executeTripSearch" classname="com.wmata.suite.firefox.DirectionsTest" time="3.439"/>
  <testcase name="executeTripSearch" classname="com.wmata.suite.firefox.DirectionTest" time="4.273"/>
  <testcase name="executeTripSearch" classname="com.wmata.suite.ie.DirectionsTest" time="6.315"/>
  <testcase name="executeTripSearch" classname="com.wmata.suite.ie.DirectionTest" time="8.175"/>
</testsuite>