<?xml version="1.0" encoding="UTF-8"?>
<testsuite xmlns:xsi="http://www.w3.org/2001/XMLSchema-instance" xsi:noNamespaceSchemaLocation="https://maven.apache.org/surefire/maven-surefire-plugin/xsd/surefire-test-report-3.0.xsd" version="3.0" name="TestSuite" time="173.988" tests="9" errors="0" skipped="0" failures="4">
  <properties>
[...]
</properties>
  <testcase name="letsMetro" classname="com.wmata.suite.chromeHeadless.planMyTrip_Fail_A_Test" time="3.621">
    <failure message="no such element: Unable to locate element: {&quot;method&quot;:&quot;css selector&quot;,&quot;selector&quot;:&quot;redCherries&quot;}&#10;  (Session info: headless chrome=80.0.3987.116)&#10;For documentation on this error, please visit: https://www.seleniumhq.org/exceptions/no_such_element.html&#10;Build info: version: &apos;4.0.0-alpha-2&apos;, revision: &apos;f148142cf8&apos;, time: &apos;2019-07-01T20:55:26&apos;&#10;System info: host: &apos;DESKTOP-4LQORMC&apos;, ip: &apos;192.168.0.151&apos;, os.name: &apos;Windows 10&apos;, os.arch: &apos;amd64&apos;, os.version: &apos;10.0&apos;, java.version: &apos;1.8.0_231&apos;&#10;Driver info: org.openqa.selenium.chrome.ChromeDriver&#10;Capabilities {acceptInsecureCerts: false, browserName: chrome, browserVersion: 80.0.3987.116, chrome: {chromedriverVersion: 80.0.3987.106 (f68069574609..., userDataDir: C:\Users\marwa\AppData\Loca...}, goog:chromeOptions: {debuggerAddress: localhost:58192}, javascriptEnabled: true, networkConnectionEnabled: false, pageLoadStrategy: normal, platform: WINDOWS, platformName: WINDOWS, proxy: Proxy(), setWindowRect: true, strictFileInteractability: false, timeouts: {implicit: 0, pageLoad: 300000, script: 30000}, unhandledPromptBehavior: dismiss and notify}&#10;Session ID: 34c02f1f786b2a23c828394783a9e433&#10;*** Element info: {Using=css selector, value=redCherries}" type="org.openqa.selenium.NoSuchElementException"><![CDATA[org.openqa.selenium.NoSuchElementException: 
no such element: Unable to locate element: {"method":"css selector","selector":"redCherries"}
  (Session info: headless chrome=80.0.3987.116)
For documentation on this error, please visit: https://www.seleniumhq.org/exceptions/no_such_element.html
Build info: version: '4.0.0-alpha-2', revision: 'f148142cf8', time: '2019-07-01T20:55:26'
System info: host: 'DESKTOP-4LQORMC', ip: '192.168.0.151', os.name: 'Windows 10', os.arch: 'amd64', os.version: '10.0', java.version: '1.8.0_231'
Driver info: org.openqa.selenium.chrome.ChromeDriver
Capabilities {acceptInsecureCerts: false, browserName: chrome, browserVersion: 80.0.3987.116, chrome: {chromedriverVersion: 80.0.3987.106 (f68069574609..., userDataDir: C:\Users\marwa\AppData\Loca...}, goog:chromeOptions: {debuggerAddress: localhost:58192}, javascriptEnabled: true, networkConnectionEnabled: false, pageLoadStrategy: normal, platform: WINDOWS, platformName: WINDOWS, proxy: Proxy(), setWindowRect: true, strictFileInteractability: false, timeouts: {implicit: 0, pageLoad: 300000, script: 30000}, unhandledPromptBehavior: dismiss and notify}
Session ID: 34c02f1f786b2a23c828394783a9e433
*** Element info: {Using=css selector, value=redCherries}
	at com.wmata.suite.chromeHeadless.planMyTrip_Fail_A_Test.letsMetro(planMyTrip_Fail_A_Test.java:20)
]]></failure>
    <system-out><![CDATA[12:32:02.913 [TestNG-test=headlessTest-2] DEBUG io.github.bonigarcia.wdm.Preferences - Preference chrome=80 (valid until 2020-02-19 17:51:29)
12:32:02.928 [TestNG-test=headlessTest-2] DEBUG io.github.bonigarcia.wdm.Preferences - Preference chrome80=80.0.3987.106 (valid until 2020-02-19 17:51:29)
12:32:02.930 [TestNG-test=headlessTest-2] INFO  io.github.bonigarcia.wdm.WebDriverManager - Using chromedriver 80.0.3987.106 (since Google Chrome 80 is installed in your machine)
12:32:03.011 [TestNG-test=headlessTest-2] DEBUG io.github.bonigarcia.wdm.WebDriverManager - Driver chromedriver 80.0.3987.106 found in cache
12:32:03.022 [TestNG-test=headlessTest-2] INFO  io.github.bonigarcia.wdm.WebDriverManager - Exporting webdriver.chrome.driver as C:\Users\marwa\.m2\repository\webdriver\chromedriver\win32\80.0.3987.106\chromedriver.exe
/////////////////////////////////INITIALIZE CHROME SUITE/////////////////////////////////
12:32:03.040 [TestNG-test=headlessTest-1] DEBUG io.github.bonigarcia.wdm.Preferences - Preference chrome=80 (valid until 2020-02-19 17:51:29)
12:32:03.042 [TestNG-test=headlessTest-1] DEBUG io.github.bonigarcia.wdm.Preferences - Preference chrome80=80.0.3987.106 (valid until 2020-02-19 17:51:29)
12:32:03.044 [TestNG-test=headlessTest-1] INFO  io.github.bonigarcia.wdm.WebDriverManager - Using chromedriver 80.0.3987.106 (since Google Chrome 80 is installed in your machine)
12:32:03.060 [TestNG-test=headlessTest-1] DEBUG io.github.bonigarcia.wdm.WebDriverManager - Driver chromedriver 80.0.3987.106 found in cache
12:32:03.070 [TestNG-test=headlessTest-1] INFO  io.github.bonigarcia.wdm.WebDriverManager - Exporting webdriver.chrome.driver as C:\Users\marwa\.m2\repository\webdriver\chromedriver\win32\80.0.3987.106\chromedriver.exe
/////////////////////////////////INITIALIZE CHROME SUITE/////////////////////////////////
Site Title is: Home | WMATA
Site Title is: Home | WMATA
]]></system-out>
    <system-err><![CDATA[Starting ChromeDriver 80.0.3987.106 (f68069574609230cf9b635cd784cfb1bf81bb53a-refs/branch-heads/3987@{#882}) on port 12518
Only local connections are allowed.
Please protect ports used by ChromeDriver and related test frameworks to prevent access by malicious code.
Starting ChromeDriver 80.0.3987.106 (f68069574609230cf9b635cd784cfb1bf81bb53a-refs/branch-heads/3987@{#882}) on port 25426
Only local connections are allowed.
Please protect ports used by ChromeDriver and related test frameworks to prevent access by malicious code.
[1582133528.480][WARNING]: Timed out connecting to Chrome, retrying...
[1582133528.491][WARNING]: Timed out connecting to Chrome, retrying...
Feb 19, 2020 12:32:10 PM org.openqa.selenium.remote.ProtocolHandshake createSession
INFO: Detected dialect: W3C
Feb 19, 2020 12:32:10 PM org.openqa.selenium.remote.ProtocolHandshake createSession
INFO: Detected dialect: W3C
[1582133534.086][SEVERE]: Timed out receiving message from renderer: 0.100
[1582133534.330][SEVERE]: Timed out receiving message from renderer: 0.100
[1582133534.572][SEVERE]: Timed out receiving message from renderer: 0.100
[1582133537.882][WARNING]: Timed out connecting to Chrome, retrying...
[1582133538.061][WARNING]: Timed out connecting to Chrome, retrying...
[1582133542.709][SEVERE]: Timed out receiving message from renderer: 0.100
[1582133543.373][SEVERE]: Timed out receiving message from renderer: 0.100
]]></system-err>
  </testcase>
  <testcase name="executeTripSearch" classname="com.wmata.suite.chromeHeadless.tripDirTest" time="4.53"/>
  <testcase name="goToService" classname="com.wmata.suite.chrome.goToServiceTest" time="5.033"/>
  <testcase name="executeTripSearch" classname="com.wmata.suite.chrome.tripDirTest" time="6.127"/>
  <testcase name="executeTripSearch" classname="com.wmata.suite.firefox.tripDirTest" time="2.13"/>
  <testcase name="executeTripSearch" classname="com.wmata.suite.firefox.tripDirTest_Fail_B_Test" time="6.446">
    <failure message="Unable to locate element: redCherries&#10;For documentation on this error, please visit: https://www.seleniumhq.org/exceptions/no_such_element.html&#10;Build info: version: &apos;4.0.0-alpha-2&apos;, revision: &apos;f148142cf8&apos;, time: &apos;2019-07-01T20:55:26&apos;&#10;System info: host: &apos;DESKTOP-4LQORMC&apos;, ip: &apos;192.168.0.151&apos;, os.name: &apos;Windows 10&apos;, os.arch: &apos;amd64&apos;, os.version: &apos;10.0&apos;, java.version: &apos;1.8.0_231&apos;&#10;Driver info: org.openqa.selenium.firefox.FirefoxDriver&#10;Capabilities {acceptInsecureCerts: true, browserName: firefox, browserVersion: 73.0, javascriptEnabled: true, moz:accessibilityChecks: false, moz:buildID: 20200207195153, moz:geckodriverVersion: 0.26.0, moz:headless: false, moz:processID: 25368, moz:profile: C:\Users\marwa\AppData\Loca..., moz:shutdownTimeout: 60000, moz:useNonSpecCompliantPointerOrigin: false, moz:webdriverClick: true, pageLoadStrategy: normal, platform: WINDOWS, platformName: WINDOWS, platformVersion: 10.0, rotatable: false, setWindowRect: true, strictFileInteractability: false, timeouts: {implicit: 0, pageLoad: 300000, script: 30000}, unhandledPromptBehavior: dismiss and notify}&#10;Session ID: dc0e83e4-eaa5-4c14-89dc-13430bd11c07&#10;*** Element info: {Using=css selector, value=redCherries}" type="org.openqa.selenium.NoSuchElementException"><![CDATA[org.openqa.selenium.NoSuchElementException: 
Unable to locate element: redCherries
For documentation on this error, please visit: https://www.seleniumhq.org/exceptions/no_such_element.html
Build info: version: '4.0.0-alpha-2', revision: 'f148142cf8', time: '2019-07-01T20:55:26'
System info: host: 'DESKTOP-4LQORMC', ip: '192.168.0.151', os.name: 'Windows 10', os.arch: 'amd64', os.version: '10.0', java.version: '1.8.0_231'
Driver info: org.openqa.selenium.firefox.FirefoxDriver
Capabilities {acceptInsecureCerts: true, browserName: firefox, browserVersion: 73.0, javascriptEnabled: true, moz:accessibilityChecks: false, moz:buildID: 20200207195153, moz:geckodriverVersion: 0.26.0, moz:headless: false, moz:processID: 25368, moz:profile: C:\Users\marwa\AppData\Loca..., moz:shutdownTimeout: 60000, moz:useNonSpecCompliantPointerOrigin: false, moz:webdriverClick: true, pageLoadStrategy: normal, platform: WINDOWS, platformName: WINDOWS, platformVersion: 10.0, rotatable: false, setWindowRect: true, strictFileInteractability: false, timeouts: {implicit: 0, pageLoad: 300000, script: 30000}, unhandledPromptBehavior: dismiss and notify}
Session ID: dc0e83e4-eaa5-4c14-89dc-13430bd11c07
*** Element info: {Using=css selector, value=redCherries}
	at com.wmata.suite.firefox.tripDirTest_Fail_B_Test.executeTripSearch(tripDirTest_Fail_B_Test.java:22)
]]></failure>
    <system-out><![CDATA[////////////////////////////------CLOSE BROWSER-------////////////////////////////////////
]]></system-out>
    <system-err><![CDATA[1582133604219	Marionette	INFO	Stopped listening on port 58401
JavaScript error: https://maps.googleapis.com/maps/api/js?client=gme-wmatawashingtonmetropolitan&v=3&libraries=places,geometry, line 100: Error: Could not load "infowindow".

###!!! [Child][MessageChannel] Error: (msgtype=0x37012F,name=PContent::Msg_ScriptError) Channel closing: too late to send/recv, messages will be lost

]]></system-err>
  </testcase>
  <testcase name="goToService" classname="com.wmata.suite.firefox.goToServiceTest" time="29.494">
    <failure message="Unable to locate element: //*[@id=&quot;mm-0&quot;]/div[2]/header/imp/div[2]/div/nav/ul/li[1]/a&#10;For documentation on this error, please visit: https://www.seleniumhq.org/exceptions/no_such_element.html&#10;Build info: version: &apos;4.0.0-alpha-2&apos;, revision: &apos;f148142cf8&apos;, time: &apos;2019-07-01T20:55:26&apos;&#10;System info: host: &apos;DESKTOP-4LQORMC&apos;, ip: &apos;192.168.0.151&apos;, os.name: &apos;Windows 10&apos;, os.arch: &apos;amd64&apos;, os.version: &apos;10.0&apos;, java.version: &apos;1.8.0_231&apos;&#10;Driver info: org.openqa.selenium.firefox.FirefoxDriver&#10;Capabilities {acceptInsecureCerts: true, browserName: firefox, browserVersion: 73.0, javascriptEnabled: true, moz:accessibilityChecks: false, moz:buildID: 20200207195153, moz:geckodriverVersion: 0.26.0, moz:headless: false, moz:processID: 4708, moz:profile: C:\Users\marwa\AppData\Loca..., moz:shutdownTimeout: 60000, moz:useNonSpecCompliantPointerOrigin: false, moz:webdriverClick: true, pageLoadStrategy: normal, platform: WINDOWS, platformName: WINDOWS, platformVersion: 10.0, rotatable: false, setWindowRect: true, strictFileInteractability: false, timeouts: {implicit: 0, pageLoad: 300000, script: 30000}, unhandledPromptBehavior: dismiss and notify}&#10;Session ID: 9bb05b7f-915d-48b0-8076-88e85fb5e529&#10;*** Element info: {Using=xpath, value=//*[@id=&quot;mm-0&quot;]/div[2]/header/imp/div[2]/div/nav/ul/li[1]/a}" type="org.openqa.selenium.NoSuchElementException"><![CDATA[org.openqa.selenium.NoSuchElementException: 
Unable to locate element: //*[@id="mm-0"]/div[2]/header/imp/div[2]/div/nav/ul/li[1]/a
For documentation on this error, please visit: https://www.seleniumhq.org/exceptions/no_such_element.html
Build info: version: '4.0.0-alpha-2', revision: 'f148142cf8', time: '2019-07-01T20:55:26'
System info: host: 'DESKTOP-4LQORMC', ip: '192.168.0.151', os.name: 'Windows 10', os.arch: 'amd64', os.version: '10.0', java.version: '1.8.0_231'
Driver info: org.openqa.selenium.firefox.FirefoxDriver
Capabilities {acceptInsecureCerts: true, browserName: firefox, browserVersion: 73.0, javascriptEnabled: true, moz:accessibilityChecks: false, moz:buildID: 20200207195153, moz:geckodriverVersion: 0.26.0, moz:headless: false, moz:processID: 4708, moz:profile: C:\Users\marwa\AppData\Loca..., moz:shutdownTimeout: 60000, moz:useNonSpecCompliantPointerOrigin: false, moz:webdriverClick: true, pageLoadStrategy: normal, platform: WINDOWS, platformName: WINDOWS, platformVersion: 10.0, rotatable: false, setWindowRect: true, strictFileInteractability: false, timeouts: {implicit: 0, pageLoad: 300000, script: 30000}, unhandledPromptBehavior: dismiss and notify}
Session ID: 9bb05b7f-915d-48b0-8076-88e85fb5e529
*** Element info: {Using=xpath, value=//*[@id="mm-0"]/div[2]/header/imp/div[2]/div/nav/ul/li[1]/a}
	at com.wmata.suite.firefox.goToServiceTest.goToService(goToServiceTest.java:20)
]]></failure>
    <system-out><![CDATA[////////////////////////////------CLOSE BROWSER-------////////////////////////////////////
]]></system-out>
    <system-err><![CDATA[1582133608507	Marionette	INFO	Stopped listening on port 58404

###!!! [Child][RunMessage] Error: Channel closing: too late to send/recv, messages will be lost


###!!! [Child][MessageChannel::SendAndWait] Error: Channel error: cannot send/recv


###!!! [Child][RunMessage] Error: Channel closing: too late to send/recv, messages will be lost


###!!! [Child][MessageChannel::SendAndWait] Error: Channel error: cannot send/recv

]]></system-err>
  </testcase>
  <testcase name="executeTripSearch" classname="com.wmata.suite.ie.tripDirTest" time="6.755"/>
  <testcase name="goToService" classname="com.wmata.suite.ie.goToServiceTest" time="29.905">
    <failure message="Unable to find element with xpath == //*[@id=&quot;mm-0&quot;]/div[2]/header/imp/div[2]/div/nav/ul/li[1]/a&#10;For documentation on this error, please visit: https://www.seleniumhq.org/exceptions/no_such_element.html&#10;Build info: version: &apos;4.0.0-alpha-2&apos;, revision: &apos;f148142cf8&apos;, time: &apos;2019-07-01T20:55:26&apos;&#10;System info: host: &apos;DESKTOP-4LQORMC&apos;, ip: &apos;192.168.0.151&apos;, os.name: &apos;Windows 10&apos;, os.arch: &apos;amd64&apos;, os.version: &apos;10.0&apos;, java.version: &apos;1.8.0_231&apos;&#10;Driver info: org.openqa.selenium.ie.InternetExplorerDriver&#10;Capabilities {acceptInsecureCerts: false, browserName: internet explorer, browserVersion: 11, javascriptEnabled: true, pageLoadStrategy: normal, platform: WINDOWS, platformName: WINDOWS, proxy: Proxy(), se:ieOptions: {browserAttachTimeout: 0, elementScrollBehavior: 0, enablePersistentHover: true, ie.browserCommandLineSwitches: , ie.edgechromium: false, ie.edgepath: , ie.ensureCleanSession: false, ie.fileUploadDialogTimeout: 3000, ie.forceCreateProcessApi: false, ignoreProtectedModeSettings: false, ignoreZoomSetting: false, initialBrowserUrl: http://localhost:32636/, nativeEvents: true, requireWindowFocus: false}, setWindowRect: true, strictFileInteractability: false, timeouts: {implicit: 0, pageLoad: 300000, script: 30000}, unhandledPromptBehavior: dismiss and notify}&#10;Session ID: 46cd9d64-f72c-4f47-998d-ab9db0cb0fbc&#10;*** Element info: {Using=xpath, value=//*[@id=&quot;mm-0&quot;]/div[2]/header/imp/div[2]/div/nav/ul/li[1]/a}" type="org.openqa.selenium.NoSuchElementException"><![CDATA[org.openqa.selenium.NoSuchElementException: 
Unable to find element with xpath == //*[@id="mm-0"]/div[2]/header/imp/div[2]/div/nav/ul/li[1]/a
For documentation on this error, please visit: https://www.seleniumhq.org/exceptions/no_such_element.html
Build info: version: '4.0.0-alpha-2', revision: 'f148142cf8', time: '2019-07-01T20:55:26'
System info: host: 'DESKTOP-4LQORMC', ip: '192.168.0.151', os.name: 'Windows 10', os.arch: 'amd64', os.version: '10.0', java.version: '1.8.0_231'
Driver info: org.openqa.selenium.ie.InternetExplorerDriver
Capabilities {acceptInsecureCerts: false, browserName: internet explorer, browserVersion: 11, javascriptEnabled: true, pageLoadStrategy: normal, platform: WINDOWS, platformName: WINDOWS, proxy: Proxy(), se:ieOptions: {browserAttachTimeout: 0, elementScrollBehavior: 0, enablePersistentHover: true, ie.browserCommandLineSwitches: , ie.edgechromium: false, ie.edgepath: , ie.ensureCleanSession: false, ie.fileUploadDialogTimeout: 3000, ie.forceCreateProcessApi: false, ignoreProtectedModeSettings: false, ignoreZoomSetting: false, initialBrowserUrl: http://localhost:32636/, nativeEvents: true, requireWindowFocus: false}, setWindowRect: true, strictFileInteractability: false, timeouts: {implicit: 0, pageLoad: 300000, script: 30000}, unhandledPromptBehavior: dismiss and notify}
Session ID: 46cd9d64-f72c-4f47-998d-ab9db0cb0fbc
*** Element info: {Using=xpath, value=//*[@id="mm-0"]/div[2]/header/imp/div[2]/div/nav/ul/li[1]/a}
	at com.wmata.suite.ie.goToServiceTest.goToService(goToServiceTest.java:20)
]]></failure>
    <system-out><![CDATA[////////////////////////////------CLOSE BROWSER-------////////////////////////////////////
]]></system-out>
  </testcase>
</testsuite>