<?xml version="1.0" encoding="UTF-8"?>
<testng-results skipped="0" failed="0" ignored="0" total="8" passed="8">
  <reporter-output>
  </reporter-output>
  <suite name="TestNG Suite" duration-ms="160536" started-at="2020-02-27T19:38:32 EST" finished-at="2020-02-27T19:41:12 EST">
    <groups>
    </groups>
    <test name="headlessTest" duration-ms="30066" started-at="2020-02-27T19:38:32 EST" finished-at="2020-02-27T19:39:02 EST">
      <class name="com.wmata.suite.chromeHeadless.DirectionTest">
        <test-method status="PASS" signature="setup(java.lang.String)[pri:0, instance:com.wmata.suite.chromeHeadless.DirectionTest@420745d7]" name="setup" is-config="true" duration-ms="24190" started-at="2020-02-27T19:38:32 EST" finished-at="2020-02-27T19:38:56 EST">
          <params>
            <param index="0">
              <value>
                <![CDATA[chromeHeadless]]>
              </value>
            </param>
          </params>
          <reporter-output>
          </reporter-output>
        </test-method> <!-- setup -->
        <test-method status="PASS" signature="executeTripSearch()[pri:0, instance:com.wmata.suite.chromeHeadless.DirectionTest@420745d7]" name="executeTripSearch" duration-ms="3448" started-at="2020-02-27T19:38:56 EST" finished-at="2020-02-27T19:39:00 EST">
          <reporter-output>
          </reporter-output>
        </test-method> <!-- executeTripSearch -->
        <test-method status="PASS" signature="teardown()[pri:0, instance:com.wmata.suite.chromeHeadless.DirectionTest@420745d7]" name="teardown" is-config="true" duration-ms="1921" started-at="2020-02-27T19:39:00 EST" finished-at="2020-02-27T19:39:02 EST">
          <reporter-output>
          </reporter-output>
        </test-method> <!-- teardown -->
      </class> <!-- com.wmata.suite.chromeHeadless.DirectionTest -->
      <class name="com.wmata.suite.chromeHeadless.DirectionsTest">
        <test-method status="PASS" signature="setup(java.lang.String)[pri:0, instance:com.wmata.suite.chromeHeadless.DirectionsTest@62b3df3a]" name="setup" is-config="true" duration-ms="24369" started-at="2020-02-27T19:38:32 EST" finished-at="2020-02-27T19:38:56 EST">
          <params>
            <param index="0">
              <value>
                <![CDATA[chromeHeadless]]>
              </value>
            </param>
          </params>
          <reporter-output>
          </reporter-output>
        </test-method> <!-- setup -->
        <test-method status="PASS" signature="executeTripSearch()[pri:0, instance:com.wmata.suite.chromeHeadless.DirectionsTest@62b3df3a]" name="executeTripSearch" duration-ms="3366" started-at="2020-02-27T19:38:56 EST" finished-at="2020-02-27T19:39:00 EST">
          <reporter-output>
          </reporter-output>
        </test-method> <!-- executeTripSearch -->
        <test-method status="PASS" signature="teardown()[pri:0, instance:com.wmata.suite.chromeHeadless.DirectionsTest@62b3df3a]" name="teardown" is-config="true" duration-ms="1524" started-at="2020-02-27T19:39:00 EST" finished-at="2020-02-27T19:39:01 EST">
          <reporter-output>
          </reporter-output>
        </test-method> <!-- teardown -->
      </class> <!-- com.wmata.suite.chromeHeadless.DirectionsTest -->
    </test> <!-- headlessTest -->
    <test name="chromeTest" duration-ms="41625" started-at="2020-02-27T19:39:02 EST" finished-at="2020-02-27T19:39:43 EST">
      <class name="com.wmata.suite.chrome.DirectionTest">
        <test-method status="PASS" signature="setup(java.lang.String)[pri:0, instance:com.wmata.suite.chrome.DirectionTest@169da7f2]" name="setup" is-config="true" duration-ms="31466" started-at="2020-02-27T19:39:02 EST" finished-at="2020-02-27T19:39:33 EST">
          <params>
            <param index="0">
              <value>
                <![CDATA[chrome]]>
              </value>
            </param>
          </params>
          <reporter-output>
          </reporter-output>
        </test-method> <!-- setup -->
        <test-method status="PASS" signature="executeTripSearch()[pri:0, instance:com.wmata.suite.chrome.DirectionTest@169da7f2]" name="executeTripSearch" duration-ms="5338" started-at="2020-02-27T19:39:33 EST" finished-at="2020-02-27T19:39:39 EST">
          <reporter-output>
          </reporter-output>
        </test-method> <!-- executeTripSearch -->
        <test-method status="PASS" signature="teardown()[pri:0, instance:com.wmata.suite.chrome.DirectionTest@169da7f2]" name="teardown" is-config="true" duration-ms="2655" started-at="2020-02-27T19:39:39 EST" finished-at="2020-02-27T19:39:41 EST">
          <reporter-output>
          </reporter-output>
        </test-method> <!-- teardown -->
      </class> <!-- com.wmata.suite.chrome.DirectionTest -->
      <class name="com.wmata.suite.chrome.DirectionsTest">
        <test-method status="PASS" signature="setup(java.lang.String)[pri:0, instance:com.wmata.suite.chrome.DirectionsTest@64711bf2]" name="setup" is-config="true" duration-ms="34604" started-at="2020-02-27T19:39:02 EST" finished-at="2020-02-27T19:39:36 EST">
          <params>
            <param index="0">
              <value>
                <![CDATA[chrome]]>
              </value>
            </param>
          </params>
          <reporter-output>
          </reporter-output>
        </test-method> <!-- setup -->
        <test-method status="PASS" signature="executeTripSearch()[pri:0, instance:com.wmata.suite.chrome.DirectionsTest@64711bf2]" name="executeTripSearch" duration-ms="5037" started-at="2020-02-27T19:39:36 EST" finished-at="2020-02-27T19:39:41 EST">
          <reporter-output>
          </reporter-output>
        </test-method> <!-- executeTripSearch -->
        <test-method status="PASS" signature="teardown()[pri:0, instance:com.wmata.suite.chrome.DirectionsTest@64711bf2]" name="teardown" is-config="true" duration-ms="1969" started-at="2020-02-27T19:39:41 EST" finished-at="2020-02-27T19:39:43 EST">
          <reporter-output>
          </reporter-output>
        </test-method> <!-- teardown -->
      </class> <!-- com.wmata.suite.chrome.DirectionsTest -->
    </test> <!-- chromeTest -->
    <test name="firefoxTest" duration-ms="55376" started-at="2020-02-27T19:39:43 EST" finished-at="2020-02-27T19:40:39 EST">
      <class name="com.wmata.suite.firefox.DirectionTest">
        <test-method status="PASS" signature="setup(java.lang.String)[pri:0, instance:com.wmata.suite.firefox.DirectionTest@74cf8b28]" name="setup" is-config="true" duration-ms="38822" started-at="2020-02-27T19:39:43 EST" finished-at="2020-02-27T19:40:22 EST">
          <params>
            <param index="0">
              <value>
                <![CDATA[ff]]>
              </value>
            </param>
          </params>
          <reporter-output>
          </reporter-output>
        </test-method> <!-- setup -->
        <test-method status="PASS" signature="executeTripSearch()[pri:0, instance:com.wmata.suite.firefox.DirectionTest@74cf8b28]" name="executeTripSearch" duration-ms="4284" started-at="2020-02-27T19:40:22 EST" finished-at="2020-02-27T19:40:27 EST">
          <reporter-output>
          </reporter-output>
        </test-method> <!-- executeTripSearch -->
        <test-method status="PASS" signature="teardown()[pri:0, instance:com.wmata.suite.firefox.DirectionTest@74cf8b28]" name="teardown" is-config="true" duration-ms="12254" started-at="2020-02-27T19:40:27 EST" finished-at="2020-02-27T19:40:39 EST">
          <reporter-output>
          </reporter-output>
        </test-method> <!-- teardown -->
      </class> <!-- com.wmata.suite.firefox.DirectionTest -->
      <class name="com.wmata.suite.firefox.DirectionsTest">
        <test-method status="PASS" signature="setup(java.lang.String)[pri:0, instance:com.wmata.suite.firefox.DirectionsTest@3ecedf21]" name="setup" is-config="true" duration-ms="37949" started-at="2020-02-27T19:39:43 EST" finished-at="2020-02-27T19:40:21 EST">
          <params>
            <param index="0">
              <value>
                <![CDATA[ff]]>
              </value>
            </param>
          </params>
          <reporter-output>
          </reporter-output>
        </test-method> <!-- setup -->
        <test-method status="PASS" signature="executeTripSearch()[pri:0, instance:com.wmata.suite.firefox.DirectionsTest@3ecedf21]" name="executeTripSearch" duration-ms="4312" started-at="2020-02-27T19:40:21 EST" finished-at="2020-02-27T19:40:26 EST">
          <reporter-output>
          </reporter-output>
        </test-method> <!-- executeTripSearch -->
        <test-method status="PASS" signature="teardown()[pri:0, instance:com.wmata.suite.firefox.DirectionsTest@3ecedf21]" name="teardown" is-config="true" duration-ms="10317" started-at="2020-02-27T19:40:26 EST" finished-at="2020-02-27T19:40:36 EST">
          <reporter-output>
          </reporter-output>
        </test-method> <!-- teardown -->
      </class> <!-- com.wmata.suite.firefox.DirectionsTest -->
    </test> <!-- firefoxTest -->
    <test name="ieTest" duration-ms="33317" started-at="2020-02-27T19:40:39 EST" finished-at="2020-02-27T19:41:12 EST">
      <class name="com.wmata.suite.ie.DirectionsTest">
        <test-method status="PASS" signature="setup(java.lang.String)[pri:0, instance:com.wmata.suite.ie.DirectionsTest@5eefa415]" name="setup" is-config="true" duration-ms="22389" started-at="2020-02-27T19:40:39 EST" finished-at="2020-02-27T19:41:01 EST">
          <params>
            <param index="0">
              <value>
                <![CDATA[ie]]>
              </value>
            </param>
          </params>
          <reporter-output>
          </reporter-output>
        </test-method> <!-- setup -->
        <test-method status="PASS" signature="executeTripSearch()[pri:0, instance:com.wmata.suite.ie.DirectionsTest@5eefa415]" name="executeTripSearch" duration-ms="8209" started-at="2020-02-27T19:41:01 EST" finished-at="2020-02-27T19:41:09 EST">
          <reporter-output>
          </reporter-output>
        </test-method> <!-- executeTripSearch -->
        <test-method status="PASS" signature="teardown()[pri:0, instance:com.wmata.suite.ie.DirectionsTest@5eefa415]" name="teardown" is-config="true" duration-ms="1235" started-at="2020-02-27T19:41:09 EST" finished-at="2020-02-27T19:41:11 EST">
          <reporter-output>
          </reporter-output>
        </test-method> <!-- teardown -->
      </class> <!-- com.wmata.suite.ie.DirectionsTest -->
      <class name="com.wmata.suite.ie.DirectionTest">
        <test-method status="PASS" signature="setup(java.lang.String)[pri:0, instance:com.wmata.suite.ie.DirectionTest@181d7f28]" name="setup" is-config="true" duration-ms="24266" started-at="2020-02-27T19:40:39 EST" finished-at="2020-02-27T19:41:03 EST">
          <params>
            <param index="0">
              <value>
                <![CDATA[ie]]>
              </value>
            </param>
          </params>
          <reporter-output>
          </reporter-output>
        </test-method> <!-- setup -->
        <test-method status="PASS" signature="executeTripSearch()[pri:0, instance:com.wmata.suite.ie.DirectionTest@181d7f28]" name="executeTripSearch" duration-ms="8188" started-at="2020-02-27T19:41:03 EST" finished-at="2020-02-27T19:41:11 EST">
          <reporter-output>
          </reporter-output>
        </test-method> <!-- executeTripSearch -->
        <test-method status="PASS" signature="teardown()[pri:0, instance:com.wmata.suite.ie.DirectionTest@181d7f28]" name="teardown" is-config="true" duration-ms="847" started-at="2020-02-27T19:41:11 EST" finished-at="2020-02-27T19:41:12 EST">
          <reporter-output>
          </reporter-output>
        </test-method> <!-- teardown -->
      </class> <!-- com.wmata.suite.ie.DirectionTest -->
    </test> <!-- ieTest -->
  </suite> <!-- TestNG Suite -->
</testng-results>
