<?xml version="1.0" encoding="UTF-8"?>
<!-- Generated by org.testng.reporters.JUnitXMLReporter -->
<testsuite hostname="DESKTOP-4LQORMC" ignored="0" name="headlessTest" tests="2" failures="0" timestamp="2020-02-27T19:39:02 EST" time="30.066" errors="0">
  <testcase name="executeTripSearch" time="3.366" classname="com.wmata.suite.chromeHeadless.DirectionsTest"/>
  <testcase name="executeTripSearch" time="3.448" classname="com.wmata.suite.chromeHeadless.DirectionTest"/>
</testsuite> <!-- headlessTest -->
